0 info it worked if it ends with ok
1 verbose cli [ '/usr/bin/nodejs',
1 verbose cli   '/usr/bin/npm',
1 verbose cli   'install',
1 verbose cli   'superagent-promise',
1 verbose cli   '--save' ]
2 info using npm@1.3.10
3 info using node@v0.10.25
4 warn package.json ONLINE_NOUN_UI@0.0.1 No repository field.
5 warn package.json ONLINE_NOUN_UI@0.0.1 No README data
6 warn package.json browsify@0.0.4 No repository field.
7 verbose readDependencies using package.json deps
8 verbose cache add [ 'superagent-promise', null ]
9 verbose cache add name=undefined spec="superagent-promise" args=["superagent-promise",null]
10 verbose parsed url { protocol: null,
10 verbose parsed url   slashes: null,
10 verbose parsed url   auth: null,
10 verbose parsed url   host: null,
10 verbose parsed url   port: null,
10 verbose parsed url   hostname: null,
10 verbose parsed url   hash: null,
10 verbose parsed url   search: null,
10 verbose parsed url   query: null,
10 verbose parsed url   pathname: 'superagent-promise',
10 verbose parsed url   path: 'superagent-promise',
10 verbose parsed url   href: 'superagent-promise' }
11 silly lockFile 4753546e-superagent-promise superagent-promise
12 verbose lock superagent-promise /home/peter/.npm/4753546e-superagent-promise.lock
13 silly lockFile 4753546e-superagent-promise superagent-promise
14 silly lockFile 4753546e-superagent-promise superagent-promise
15 verbose addNamed [ 'superagent-promise', '' ]
16 verbose addNamed [ null, '*' ]
17 silly lockFile 38424612-superagent-promise superagent-promise@
18 verbose lock superagent-promise@ /home/peter/.npm/38424612-superagent-promise.lock
19 silly addNameRange { name: 'superagent-promise', range: '*', hasData: false }
20 verbose url raw superagent-promise
21 verbose url resolving [ 'https://registry.npmjs.org/', './superagent-promise' ]
22 verbose url resolved https://registry.npmjs.org/superagent-promise
23 info trying registry request attempt 1 at 13:10:10
24 verbose etag "970TH6DZNUWOM7HJ4OIY9P7M1"
25 http GET https://registry.npmjs.org/superagent-promise
26 http 304 https://registry.npmjs.org/superagent-promise
27 silly registry.get cb [ 304,
27 silly registry.get   { date: 'Thu, 15 Oct 2015 12:10:11 GMT',
27 silly registry.get     via: '1.1 varnish',
27 silly registry.get     'cache-control': 'max-age=60',
27 silly registry.get     etag: '"970TH6DZNUWOM7HJ4OIY9P7M1"',
27 silly registry.get     age: '0',
27 silly registry.get     connection: 'keep-alive',
27 silly registry.get     'x-served-by': 'cache-ams4144-AMS',
27 silly registry.get     'x-cache': 'MISS',
27 silly registry.get     'x-cache-hits': '0',
27 silly registry.get     'x-timer': 'S1444911011.311674,VS0,VE167',
27 silly registry.get     vary: 'Accept' } ]
28 verbose etag superagent-promise from cache
29 silly addNameRange number 2 { name: 'superagent-promise', range: '*', hasData: true }
30 silly addNameRange versions [ 'superagent-promise',
30 silly addNameRange   [ '0.0.0', '0.1.0', '0.1.1', '0.1.2', '0.2.0', '1.0.0', '1.0.3' ] ]
31 verbose addNamed [ 'superagent-promise', '1.0.3' ]
32 verbose addNamed [ '1.0.3', '1.0.3' ]
33 silly lockFile 46557eba-superagent-promise-1-0-3 superagent-promise@1.0.3
34 verbose lock superagent-promise@1.0.3 /home/peter/.npm/46557eba-superagent-promise-1-0-3.lock
35 silly lockFile 46557eba-superagent-promise-1-0-3 superagent-promise@1.0.3
36 silly lockFile 46557eba-superagent-promise-1-0-3 superagent-promise@1.0.3
37 silly lockFile 38424612-superagent-promise superagent-promise@
38 silly lockFile 38424612-superagent-promise superagent-promise@
39 silly resolved [ { name: 'superagent-promise',
39 silly resolved     version: '1.0.3',
39 silly resolved     description: 'superagent promise wrapper',
39 silly resolved     main: 'index.js',
39 silly resolved     scripts: { test: './node_modules/.bin/mocha --ui tdd index_test.js' },
39 silly resolved     repository:
39 silly resolved      { type: 'git',
39 silly resolved        url: 'git://github.com/lightsofapollo/superagent-promise.git' },
39 silly resolved     keywords: [ 'superagent', 'promise', 'http' ],
39 silly resolved     author: { name: 'James Lal [:lightsofapollo]' },
39 silly resolved     license: 'MIT',
39 silly resolved     bugs: { url: 'https://github.com/lightsofapollo/superagent-promise/issues' },
39 silly resolved     devDependencies:
39 silly resolved      { 'browser-test': '0.0.0-alpha.2',
39 silly resolved        chai: '^2.3.0',
39 silly resolved        component: '^1.1.0',
39 silly resolved        debug: '2.2.0',
39 silly resolved        'es6-promise': '^2.1.1',
39 silly resolved        mocha: '^2.2.5',
39 silly resolved        'node-static': '^0.7.6',
39 silly resolved        superagent: '>= 1.2.0' },
39 silly resolved     readme: '[![Build Status](https://img.shields.io/travis/lightsofapollo/superagent-promise/master.svg)](https://travis-ci.org/lightsofapollo/superagent-promise)\n\nsuperagent-promise\n==================\n\nSimple/dumb promise wrapper for superagent. You must depend on `superagent` and your favorite Promise library directly.\n\n\n## Usage\n\n```js\nvar Promise = this.Promise || require(\'promise\');\nvar agent = require(\'superagent-promise\')(require(\'superagent\'), Promise);\n\n// method, url form with `end`\nagent(\'GET\', \'http://google.com\')\n  .end()\n  .then(function onResult(res) {\n    // do stuff\n  });\n\n// method, url form with `then`\nagent(\'GET\', \'http://google.com\')\n  .then(function onResult(res) {\n    // do stuff\n  });\n\n\n// helper functions: options, head, get, post, put, patch, del\nagent.put(\'http://myxfoo\', \'data\')\n  .end()\n  .then(function(res) {\n    // do stuff`\n  });\n\n// helper functions: options, head, get, post, put, patch, del\nagent.put(\'http://myxfoo\', \'data\').\n  .then(function(res) {\n    // do stuff\n  });\n\n\n```\n',
39 silly resolved     readmeFilename: 'README.md',
39 silly resolved     _id: 'superagent-promise@1.0.3',
39 silly resolved     _from: 'superagent-promise@' } ]
40 info install superagent-promise@1.0.3 into /home/peter/Documents/playground/OnlineNounResources/src/main/webapp
41 info installOne superagent-promise@1.0.3
42 info /home/peter/Documents/playground/OnlineNounResources/src/main/webapp/node_modules/superagent-promise unbuild
43 info preuninstall superagent-promise@1.0.3
44 info uninstall superagent-promise@1.0.3
45 verbose true,/home/peter/Documents/playground/OnlineNounResources/src/main/webapp/node_modules,/home/peter/Documents/playground/OnlineNounResources/src/main/webapp/node_modules unbuild superagent-promise@1.0.3
46 info postuninstall superagent-promise@1.0.3
47 verbose tar unpack /home/peter/.npm/superagent-promise/1.0.3/package.tgz
48 silly lockFile e30b831c--node-modules-superagent-promise tar:///home/peter/Documents/playground/OnlineNounResources/src/main/webapp/node_modules/superagent-promise
49 verbose lock tar:///home/peter/Documents/playground/OnlineNounResources/src/main/webapp/node_modules/superagent-promise /home/peter/.npm/e30b831c--node-modules-superagent-promise.lock
50 silly lockFile 33a4c498-ragent-promise-1-0-3-package-tgz tar:///home/peter/.npm/superagent-promise/1.0.3/package.tgz
51 verbose lock tar:///home/peter/.npm/superagent-promise/1.0.3/package.tgz /home/peter/.npm/33a4c498-ragent-promise-1-0-3-package-tgz.lock
52 silly gunzTarPerm modes [ '755', '644' ]
53 silly gunzTarPerm extractEntry package.json
54 silly gunzTarPerm extractEntry .npmignore
55 silly gunzTarPerm extractEntry README.md
56 silly gunzTarPerm extractEntry LICENSE
57 silly gunzTarPerm extractEntry index_test.js
58 silly gunzTarPerm extractEntry index.js
59 silly gunzTarPerm extractEntry browser_test.js
60 silly gunzTarPerm extractEntry component.json
61 silly gunzTarPerm extractEntry .travis.yml
62 silly gunzTarPerm extractEntry browser-test.opts
63 silly gunzTarPerm extractEntry Makefile
64 silly gunzTarPerm extractEntry test/browser_test.js
65 silly gunzTarPerm extractEntry test/index.js
66 silly gunzTarPerm extractEntry test/component.json
67 silly gunzTarPerm extractEntry test/entrypoint.html
68 silly gunzTarPerm extractEntry test/fixture.txt
69 silly lockFile e30b831c--node-modules-superagent-promise tar:///home/peter/Documents/playground/OnlineNounResources/src/main/webapp/node_modules/superagent-promise
70 silly lockFile e30b831c--node-modules-superagent-promise tar:///home/peter/Documents/playground/OnlineNounResources/src/main/webapp/node_modules/superagent-promise
71 silly lockFile 33a4c498-ragent-promise-1-0-3-package-tgz tar:///home/peter/.npm/superagent-promise/1.0.3/package.tgz
72 silly lockFile 33a4c498-ragent-promise-1-0-3-package-tgz tar:///home/peter/.npm/superagent-promise/1.0.3/package.tgz
73 info preinstall superagent-promise@1.0.3
74 verbose readDependencies using package.json deps
75 verbose readDependencies using package.json deps
76 silly resolved []
77 verbose about to build /home/peter/Documents/playground/OnlineNounResources/src/main/webapp/node_modules/superagent-promise
78 info build /home/peter/Documents/playground/OnlineNounResources/src/main/webapp/node_modules/superagent-promise
79 verbose linkStuff [ false,
79 verbose linkStuff   false,
79 verbose linkStuff   false,
79 verbose linkStuff   '/home/peter/Documents/playground/OnlineNounResources/src/main/webapp/node_modules' ]
80 info linkStuff superagent-promise@1.0.3
81 verbose linkBins superagent-promise@1.0.3
82 verbose linkMans superagent-promise@1.0.3
83 verbose rebuildBundles superagent-promise@1.0.3
84 info install superagent-promise@1.0.3
85 info postinstall superagent-promise@1.0.3
86 error peerinvalid The package react does not satisfy its siblings' peerDependencies requirements!
86 error peerinvalid Peer react-router@0.13.4 wants react@0.13.x
86 error peerinvalid Peer reflux@0.2.13 wants react@>=0.12.2 <0.15.0
86 error peerinvalid Peer react-bootstrap@0.27.1 wants react@>=0.14.0
87 error System Linux 3.13.0-63-generic
88 error command "/usr/bin/nodejs" "/usr/bin/npm" "install" "superagent-promise" "--save"
89 error cwd /home/peter/Documents/playground/OnlineNounResources/src/main/webapp
90 error node -v v0.10.25
91 error npm -v 1.3.10
92 error code EPEERINVALID
93 verbose exit [ 1, true ]
